[debug] [2024-10-29T06:27:21.859Z] ----------------------------------------------------------------------
[debug] [2024-10-29T06:27:21.863Z] Command:       C:\Program Files\nodejs\node.exe C:\Users\haris\AppData\Roaming\npm\node_modules\firebase-tools\lib\bin\firebase.js init
[debug] [2024-10-29T06:27:21.863Z] CLI Version:   13.23.0
[debug] [2024-10-29T06:27:21.864Z] Platform:      win32
[debug] [2024-10-29T06:27:21.864Z] Node Version:  v20.17.0
[debug] [2024-10-29T06:27:21.864Z] Time:          Tue Oct 29 2024 11:57:21 GMT+0530 (India Standard Time)
[debug] [2024-10-29T06:27:21.864Z] ----------------------------------------------------------------------
[debug] 
[debug] [2024-10-29T06:27:21.873Z] > command requires scopes: ["email","openid","https://www.googleapis.com/auth/cloudplatformprojects.readonly","https://www.googleapis.com/auth/firebase","https://www.googleapis.com/auth/cloud-platform"]
[debug] [2024-10-29T06:27:21.874Z] > authorizing via signed-in user (harishvadivel471@gmail.com)
[info] 
     ######## #### ########  ######## ########     ###     ######  ########
     ##        ##  ##     ## ##       ##     ##  ##   ##  ##       ##
     ######    ##  ########  ######   ########  #########  ######  ######
     ##        ##  ##    ##  ##       ##     ## ##     ##       ## ##
     ##       #### ##     ## ######## ########  ##     ##  ######  ########

You're about to initialize a Firebase project in this directory:

  D:\project\company project\Savemytaxes\savemytaxes_admin

[info] 
=== Project Setup
[info] 
[info] First, let's associate this project directory with a Firebase project.
[info] You can create multiple project aliases by running firebase use --add, 
[info] but for now we'll just set up a default project.
[info] 
[debug] [2024-10-29T06:27:28.853Z] Checked if tokens are valid: true, expires at: 1730186693932
[debug] [2024-10-29T06:27:28.853Z] Checked if tokens are valid: true, expires at: 1730186693932
[debug] [2024-10-29T06:27:28.855Z] >>> [apiv2][query] GET https://firebase.googleapis.com/v1beta1/projects pageSize=100
[debug] [2024-10-29T06:27:29.675Z] <<< [apiv2][status] GET https://firebase.googleapis.com/v1beta1/projects 200
[debug] [2024-10-29T06:27:29.676Z] <<< [apiv2][body] GET https://firebase.googleapis.com/v1beta1/projects [omitted]
[info] i  Using project savemytaxesadmin (savemytaxesadmin) 
[info] 
=== Hosting Setup
[debug] [2024-10-29T06:27:32.784Z] Checked if tokens are valid: true, expires at: 1730186693932
[debug] [2024-10-29T06:27:32.785Z] Checked if tokens are valid: true, expires at: 1730186693932
[debug] [2024-10-29T06:27:32.785Z] >>> [apiv2][query] GET https://firebase.googleapis.com/v1beta1/projects/savemytaxesadmin [none]
[debug] [2024-10-29T06:27:33.252Z] <<< [apiv2][status] GET https://firebase.googleapis.com/v1beta1/projects/savemytaxesadmin 200
[debug] [2024-10-29T06:27:33.252Z] <<< [apiv2][body] GET https://firebase.googleapis.com/v1beta1/projects/savemytaxesadmin {"projectId":"savemytaxesadmin","projectNumber":"1016026696654","displayName":"savemytaxesadmin","name":"projects/savemytaxesadmin","resources":{"hostingSite":"savemytaxesadmin"},"state":"ACTIVE","etag":"1_19ecea1d-6fae-4781-9006-149145ab10f3"}
[info] 
[info] Your public directory is the folder (relative to your project directory) that
[info] will contain Hosting assets to be uploaded with firebase deploy. If you
[info] have a build process for your assets, use your build's output directory.
[info] 
[debug] [2024-10-29T06:27:51.860Z] >>> [apiv2][query] GET https://www.gstatic.com/firebasejs/releases.json [none]
[debug] [2024-10-29T06:27:52.061Z] <<< [apiv2][status] GET https://www.gstatic.com/firebasejs/releases.json 200
[debug] [2024-10-29T06:27:52.061Z] <<< [apiv2][body] GET https://www.gstatic.com/firebasejs/releases.json {"current":{"version":"11.0.1","browserURL":"https://www.gstatic.com/firebasejs/11.0.1/firebase.js","packageURL":"https://www.gstatic.com/firebasejs/11.0.1/firebase.tgz"},"live":{"version":"11.0","browserURL":"https://www.gstatic.com/firebasejs/live/11.0/firebase.js","packageURL":"https://www.gstatic.com/firebasejs/live/11.0/firebase.tgz"},"components":{"analytics":"https://www.gstatic.com/firebasejs/11.0.1/firebase-analytics.js","app":"https://www.gstatic.com/firebasejs/11.0.1/firebase-app.js","app-check":"https://www.gstatic.com/firebasejs/11.0.1/firebase-app-check.js","auth":"https://www.gstatic.com/firebasejs/11.0.1/firebase-auth.js","auth/cordova":"https://www.gstatic.com/firebasejs/11.0.1/firebase-auth/cordova.js","auth/web-extension":"https://www.gstatic.com/firebasejs/11.0.1/firebase-auth/web-extension.js","functions":"https://www.gstatic.com/firebasejs/11.0.1/firebase-functions.js","firestore":"https://www.gstatic.com/firebasejs/11.0.1/firebase-firestore.js","firestore/lite":"https://www.gstatic.com/firebasejs/11.0.1/firebase-firestore/lite.js","installations":"https://www.gstatic.com/firebasejs/11.0.1/firebase-installations.js","storage":"https://www.gstatic.com/firebasejs/11.0.1/firebase-storage.js","performance":"https://www.gstatic.com/firebasejs/11.0.1/firebase-performance.js","remote-config":"https://www.gstatic.com/firebasejs/11.0.1/firebase-remote-config.js","messaging":"https://www.gstatic.com/firebasejs/11.0.1/firebase-messaging.js","messaging/sw":"https://www.gstatic.com/firebasejs/11.0.1/firebase-messaging/sw.js","database":"https://www.gstatic.com/firebasejs/11.0.1/firebase-database.js","vertexai":"https://www.gstatic.com/firebasejs/11.0.1/firebase-vertexai.js","data-connect":"https://www.gstatic.com/firebasejs/11.0.1/firebase-data-connect.js","firestore.memory":"https://www.gstatic.com/firebasejs/11.0.1/firebase-firestore.memory.js"}}
[info] +  Wrote public/index.html 
[info] 
[info] i  Detected a .git folder at D:\project\company project\Savemytaxes\savemytaxes_admin 
[info] i  Authorizing with GitHub to upload your service account to a GitHub repository's secrets store. 
[info] 
[info] Visit this URL on this device to log in:
[info] https://github.com/login/oauth/authorize?client_id=89cf50f02ac6aaed3484&state=789346601&redirect_uri=http%3A%2F%2Flocalhost%3A9005&scope=read%3Auser%20repo%20public_repo
[info] 
[info] Waiting for authentication...
[debug] [2024-10-29T06:28:06.338Z] >>> [apiv2][query] POST https://github.com/login/oauth/access_token [none]
[debug] [2024-10-29T06:28:06.339Z] >>> [apiv2][body] POST https://github.com/login/oauth/access_token [stream]
[debug] [2024-10-29T06:28:06.837Z] <<< [apiv2][status] POST https://github.com/login/oauth/access_token 200
[debug] [2024-10-29T06:28:06.838Z] <<< [apiv2][body] POST https://github.com/login/oauth/access_token {"access_token":"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","token_type":"bearer","scope":"read:user,repo"}
[debug] [2024-10-29T06:28:06.848Z] >>> [apiv2][query] GET https://api.github.com/user [none]
[debug] [2024-10-29T06:28:07.351Z] <<< [apiv2][status] GET https://api.github.com/user 200
[debug] [2024-10-29T06:28:07.351Z] <<< [apiv2][body] GET https://api.github.com/user {"login":"harivel1212","id":120641281,"node_id":"U_kgDOBzDXAQ","avatar_url":"https://avatars.githubusercontent.com/u/120641281?v=4","gravatar_id":"","url":"https://api.github.com/users/harivel1212","html_url":"https://github.com/harivel1212","followers_url":"https://api.github.com/users/harivel1212/followers","following_url":"https://api.github.com/users/harivel1212/following{/other_user}","gists_url":"https://api.github.com/users/harivel1212/gists{/gist_id}","starred_url":"https://api.github.com/users/harivel1212/starred{/owner}{/repo}","subscriptions_url":"https://api.github.com/users/harivel1212/subscriptions","organizations_url":"https://api.github.com/users/harivel1212/orgs","repos_url":"https://api.github.com/users/harivel1212/repos","events_url":"https://api.github.com/users/harivel1212/events{/privacy}","received_events_url":"https://api.github.com/users/harivel1212/received_events","type":"User","user_view_type":"private","site_admin":false,"name":null,"company":null,"blog":"","location":null,"email":null,"hireable":null,"bio":null,"twitter_username":null,"notification_email":null,"public_repos":5,"public_gists":0,"followers":0,"following":0,"created_at":"2022-12-15T09:51:14Z","updated_at":"2024-09-20T12:34:18Z","private_gists":0,"total_private_repos":4,"owned_private_repos":4,"disk_usage":2625,"collaborators":2,"two_factor_authentication":false,"plan":{"name":"free","space":976562499,"collaborators":0,"private_repos":10000}}
[info] 
[info] +  Success! Logged into GitHub as harivel1212 
[info] 
